{
  "RSpec": {
    "coverage": {
      "/Users/nicholaspufal/Developer/caixadeideias/natal2011/app/controllers/application_controller.rb": [
        1,
        1,
        null,
        1,
        null
      ],
      "/Users/nicholaspufal/Developer/caixadeideias/natal2011/app/helpers/application_helper.rb": [
        1,
        null
      ],
      "/Users/nicholaspufal/Developer/caixadeideias/natal2011/app/helpers/comments_helper.rb": [
        1,
        null
      ],
      "/Users/nicholaspufal/Developer/caixadeideias/natal2011/app/controllers/comments_controller.rb": [
        1,
        1,
        4,
        4,
        null,
        null,
        1,
        7,
        7,
        null,
        7,
        7,
        10,
        5,
        null,
        4,
        2,
        null,
        null,
        null,
        null,
        null,
        null,
        null,
        null,
        null,
        null,
        null
      ],
      "/Users/nicholaspufal/Developer/caixadeideias/natal2011/app/models/comment.rb": [
        1,
        null,
        1,
        null,
        null
      ]
    },
    "timestamp": 1323375716
  }
}
